Info: starting environment threads
Info:pThreadUtils: started thread rlutDaemon_0
Info:pThreadUtils: started thread icacheInvalidateDaemon_0
Info:pThreadUtils: started thread dcacheInvalidateDaemon_0
Info:pThreadUtils: started thread cpu_0
Info:pThreadUtils: started thread IRC_Control
Info:pThreadUtils: started thread IRC_Output
Info:pThreadUtils: started thread Timer_Control
Info:pThreadUtils: started thread Timer_Output
Info:pThreadUtils: started thread Serial_Control
Info:pThreadUtils: started thread Serial_Rx
Info:pThreadUtils: started thread Serial_Tx
Info: starting console threads.
Info:pThreadUtils: started thread consoleOutput
Info:pThreadUtils: started thread consoleInput
Info:pThreadUtils: started thread bridge_cpu_0
Info:pThreadUtils: started thread checkErrorStateAndExit_0

TRAP (cpu-id=0): pc=0x00000000 npc=0x00000000 psr=0x000010c0 tv=0x00000003	RESET_TRAP
Info: save/restore.. now fp=0x0, sp=0x0
Info: save/restore.. now fp=0xffffffc0, sp=0x2a31b62d
Info: save/restore.. now fp=0xffffff80, sp=0x5399c654
Info: save/restore.. now fp=0xffffff40, sp=0x4f97e3e4
Info: save/restore.. now fp=0xffffff00, sp=0x78df6a55
Info: save/restore.. now fp=0xfffffec0, sp=0x59adea3d
Info: save/restore.. now fp=0xfffffe80, sp=0x6fc75af8
Info: save/restore.. now fp=0xfffffec0, sp=0xfffffe80

TRAP (cpu-id=0): pc=0x288f1a3c npc=0x288f1a40 psr=0x004010e2 tv=0x00000201	ILLEGAL_INSTR

TRAP (cpu-id=0): pc=0x00002020 npc=0x00002024 psr=0x004010c1 tv=0x00800001	TRAP_INSTR_TRAP (ta 0)

Processor 0 entered ERROR MODE at PC=0x2020
 Program exited with a trap type = 0x0
Statistics for CPU 0:
    number-of-instructions-executed = 60
    number-of-traps  = 3
    cycle-count estimate = 4448
Info: for CPU 0: 4kB pages accessed are (starting virtual-address of the page is shown):
     0x00000000
     0x00002000
     0x00003000
     0x288f1000
Total time taken by testbench: 0 secs
Statistics of RLUT for cpuid=0:
Statistics for ICACHE cpuid=0
    number-of-accesses=62
    number-of-misses=62
Statistics for DCACHE cpuid=0

Mmu statistics for cpuid=0: MMU ENABLED = 0
	TLB size (number of entries) = 64
	Accesses with Mmu bypassed or disabled 	= 62
	Mmu_probe_requests  	= 0
	Mmu_flush_requests  	= 0
	Mmu_register_reads   	= 0
	Mmu_register_writes 	= 0
	Mmu_translated_accesses = 0
	Mmu_TLB_hits            = 0

Mmu Register values :
	Control register 	= 0x0
	Context table ptr 	= 0x0
	Context register   	= 0x0
	FSR		   	= 0x0
	FAR		 	= 0x0
